<?xml version="1.0" encoding="UTF-8"?>
<!-- Generated by org.testng.reporters.JUnitReportReporter -->
<testsuite hostname="Mits-MacBook-Pro.local" failures="0" tests="2" name="tests.Test1" time="9.108" errors="0" timestamp="31 Dec. 2021 20:06:52 GMT" skipped="0">
  <testcase classname="tests.Test1" name="wrongUsername" time="4.144"/>
  <testcase classname="tests.Test1" name="wrongUbsernameAndPassword" time="4.964"/>
</testsuite> <!-- tests.Test1 -->
